{"name": "test_delete_bot_confirm", "status": "broken", "statusDetails": {"message": "selenium.common.exceptions.StaleElementReferenceException: Message: stale element reference: stale element not found in the current frame\n  (Session info: chrome=143.0.7499.41); For documentation on this error, please visit: https://www.selenium.dev/documentation/webdriver/troubleshooting/errors#stale-element-reference-exception\nStacktrace:\nSymbols not available. Dumping unresolved backtrace:\n\t0x7ff6bffd8245\n\t0x7ff6bffd82a0\n\t0x7ff6bfdb165d\n\t0x7ff6bfdb92cc\n\t0x7ff6bfdbc3b4\n\t0x7ff6bfdbc47f\n\t0x7ff6bfe0390c\n\t0x7ff6bfe31fda\n\t0x7ff6bfdfc746\n\t0x7ff6bfe5ac97\n\t0x7ff6bfdfac29\n\t0x7ff6bfdfba93\n\t0x7ff6c02effe0\n\t0x7ff6c02ea920\n\t0x7ff6c0309086\n\t0x7ff6bfff5744\n\t0x7ff6bfffe6ec\n\t0x7ff6bffe1964\n\t0x7ff6bffe1b15\n\t0x7ff6bffc7842\n\t0x7ffdaa72e8d7\n\t0x7ffdac45c34c", "trace": "self = <test_create_bot.TestCreateBot object at 0x000001A46DB94AA0>\ndriver = <selenium.webdriver.chrome.webdriver.WebDriver (session=\"bec8f70d41629514ebb8c23ccd63aed1\")>\n\n    @allure.feature(\"Bot Management\")\n    @allure.story(\"Delete Bot confirmed\")\n    @allure.description(\"Validates bot deletion flow.\")\n    @allure.severity(allure.severity_level.CRITICAL)\n    @pytest.mark.dependency(depends=[\"login_success\"], scope=\"session\")\n    @pytest.mark.order(11)\n    def test_delete_bot_confirm(self, driver):\n        create_bot_page = CreateBotPage(driver)\n>       create_bot_page.click_confirm_delete_btn()\n\ntestcases\\test_create_bot.py:170: \n_ _ _ _ _ _ _ _ _ _ _ _ _ _ _ _ _ _ _ _ _ _ _ _ _ _ _ _ _ _ _ _ _ _ _ _ _ _ _ _ _ _ _ _ _ _ _ _ _ _ _ _ _ _ _ _ _ _ _ _ _ _ _ _ _ _ _ _ _ _ _ _ _ _\npages\\create_bot_page.py:228: in click_confirm_delete_btn\n    assert \"Chatbot deleted successfully\" in delete_success_msg.text, \"Bot delete message not displayed!\"\n..\\..\\..\\AppData\\Local\\Programs\\Python\\Python313\\Lib\\site-packages\\selenium\\webdriver\\remote\\webelement.py:109: in text\n    return self._execute(Command.GET_ELEMENT_TEXT)[\"value\"]\n..\\..\\..\\AppData\\Local\\Programs\\Python\\Python313\\Lib\\site-packages\\selenium\\webdriver\\remote\\webelement.py:572: in _execute\n    return self._parent.execute(command, params)\n..\\..\\..\\AppData\\Local\\Programs\\Python\\Python313\\Lib\\site-packages\\selenium\\webdriver\\remote\\webdriver.py:429: in execute\n    self.error_handler.check_response(response)\n_ _ _ _ _ _ _ _ _ _ _ _ _ _ _ _ _ _ _ _ _ _ _ _ _ _ _ _ _ _ _ _ _ _ _ _ _ _ _ _ _ _ _ _ _ _ _ _ _ _ _ _ _ _ _ _ _ _ _ _ _ _ _ _ _ _ _ _ _ _ _ _ _ _\n\nself = <selenium.webdriver.remote.errorhandler.ErrorHandler object at 0x000001A46DC734D0>\nresponse = {'status': 404, 'value': '{\"value\":{\"error\":\"stale element reference\",\"message\":\"stale element reference: stale elemen...ff6bfffe6ec\\\\n\\\\t0x7ff6bffe1964\\\\n\\\\t0x7ff6bffe1b15\\\\n\\\\t0x7ff6bffc7842\\\\n\\\\t0x7ffdaa72e8d7\\\\n\\\\t0x7ffdac45c34c\\\\n\"}}'}\n\n    def check_response(self, response: Dict[str, Any]) -> None:\n        \"\"\"Checks that a JSON response from the WebDriver does not have an\n        error.\n    \n        :Args:\n         - response - The JSON response from the WebDriver server as a dictionary\n           object.\n    \n        :Raises: If the response contains an error message.\n        \"\"\"\n        status = response.get(\"status\", None)\n        if not status or status == ErrorCode.SUCCESS:\n            return\n        value = None\n        message = response.get(\"message\", \"\")\n        screen: str = response.get(\"screen\", \"\")\n        stacktrace = None\n        if isinstance(status, int):\n            value_json = response.get(\"value\", None)\n            if value_json and isinstance(value_json, str):\n                import json\n    \n                try:\n                    value = json.loads(value_json)\n                    if len(value) == 1:\n                        value = value[\"value\"]\n                    status = value.get(\"error\", None)\n                    if not status:\n                        status = value.get(\"status\", ErrorCode.UNKNOWN_ERROR)\n                        message = value.get(\"value\") or value.get(\"message\")\n                        if not isinstance(message, str):\n                            value = message\n                            message = message.get(\"message\")\n                    else:\n                        message = value.get(\"message\", None)\n                except ValueError:\n                    pass\n    \n        exception_class: Type[WebDriverException]\n        e = ErrorCode()\n        error_codes = [item for item in dir(e) if not item.startswith(\"__\")]\n        for error_code in error_codes:\n            error_info = getattr(ErrorCode, error_code)\n            if isinstance(error_info, list) and status in error_info:\n                exception_class = getattr(ExceptionMapping, error_code, WebDriverException)\n                break\n        else:\n            exception_class = WebDriverException\n    \n        if not value:\n            value = response[\"value\"]\n        if isinstance(value, str):\n            raise exception_class(value)\n        if message == \"\" and \"message\" in value:\n            message = value[\"message\"]\n    \n        screen = None  # type: ignore[assignment]\n        if \"screen\" in value:\n            screen = value[\"screen\"]\n    \n        stacktrace = None\n        st_value = value.get(\"stackTrace\") or value.get(\"stacktrace\")\n        if st_value:\n            if isinstance(st_value, str):\n                stacktrace = st_value.split(\"\\n\")\n            else:\n                stacktrace = []\n                try:\n                    for frame in st_value:\n                        line = frame.get(\"lineNumber\", \"\")\n                        file = frame.get(\"fileName\", \"<anonymous>\")\n                        if line:\n                            file = f\"{file}:{line}\"\n                        meth = frame.get(\"methodName\", \"<anonymous>\")\n                        if \"className\" in frame:\n                            meth = f\"{frame['className']}.{meth}\"\n                        msg = \"    at %s (%s)\"\n                        msg = msg % (meth, file)\n                        stacktrace.append(msg)\n                except TypeError:\n                    pass\n        if exception_class == UnexpectedAlertPresentException:\n            alert_text = None\n            if \"data\" in value:\n                alert_text = value[\"data\"].get(\"text\")\n            elif \"alert\" in value:\n                alert_text = value[\"alert\"].get(\"text\")\n            raise exception_class(message, screen, stacktrace, alert_text)  # type: ignore[call-arg]  # mypy is not smart enough here\n>       raise exception_class(message, screen, stacktrace)\nE       selenium.common.exceptions.StaleElementReferenceException: Message: stale element reference: stale element not found in the current frame\nE         (Session info: chrome=143.0.7499.41); For documentation on this error, please visit: https://www.selenium.dev/documentation/webdriver/troubleshooting/errors#stale-element-reference-exception\nE       Stacktrace:\nE       Symbols not available. Dumping unresolved backtrace:\nE       \t0x7ff6bffd8245\nE       \t0x7ff6bffd82a0\nE       \t0x7ff6bfdb165d\nE       \t0x7ff6bfdb92cc\nE       \t0x7ff6bfdbc3b4\nE       \t0x7ff6bfdbc47f\nE       \t0x7ff6bfe0390c\nE       \t0x7ff6bfe31fda\nE       \t0x7ff6bfdfc746\nE       \t0x7ff6bfe5ac97\nE       \t0x7ff6bfdfac29\nE       \t0x7ff6bfdfba93\nE       \t0x7ff6c02effe0\nE       \t0x7ff6c02ea920\nE       \t0x7ff6c0309086\nE       \t0x7ff6bfff5744\nE       \t0x7ff6bfffe6ec\nE       \t0x7ff6bffe1964\nE       \t0x7ff6bffe1b15\nE       \t0x7ff6bffc7842\nE       \t0x7ffdaa72e8d7\nE       \t0x7ffdac45c34c\n\n..\\..\\..\\AppData\\Local\\Programs\\Python\\Python313\\Lib\\site-packages\\selenium\\webdriver\\remote\\errorhandler.py:232: StaleElementReferenceException"}, "description": "Validates bot deletion flow.", "steps": [{"name": "Delete bot", "status": "broken", "statusDetails": {"message": "selenium.common.exceptions.StaleElementReferenceException: Message: stale element reference: stale element not found in the current frame\n  (Session info: chrome=143.0.7499.41); For documentation on this error, please visit: https://www.selenium.dev/documentation/webdriver/troubleshooting/errors#stale-element-reference-exception\nStacktrace:\nSymbols not available. Dumping unresolved backtrace:\n\t0x7ff6bffd8245\n\t0x7ff6bffd82a0\n\t0x7ff6bfdb165d\n\t0x7ff6bfdb92cc\n\t0x7ff6bfdbc3b4\n\t0x7ff6bfdbc47f\n\t0x7ff6bfe0390c\n\t0x7ff6bfe31fda\n\t0x7ff6bfdfc746\n\t0x7ff6bfe5ac97\n\t0x7ff6bfdfac29\n\t0x7ff6bfdfba93\n\t0x7ff6c02effe0\n\t0x7ff6c02ea920\n\t0x7ff6c0309086\n\t0x7ff6bfff5744\n\t0x7ff6bfffe6ec\n\t0x7ff6bffe1964\n\t0x7ff6bffe1b15\n\t0x7ff6bffc7842\n\t0x7ffdaa72e8d7\n\t0x7ffdac45c34c\n\n", "trace": "  File \"C:\\Users\\admin\\AppData\\Local\\Programs\\Python\\Python313\\Lib\\site-packages\\allure_commons\\_allure.py\", line 202, in impl\n    return func(*a, **kw)\n  File \"C:\\Users\\admin\\PycharmProjects\\ZagentStage\\Z-agentnew\\pages\\create_bot_page.py\", line 228, in click_confirm_delete_btn\n    assert \"Chatbot deleted successfully\" in delete_success_msg.text, \"Bot delete message not displayed!\"\n                                             ^^^^^^^^^^^^^^^^^^^^^^^\n  File \"C:\\Users\\admin\\AppData\\Local\\Programs\\Python\\Python313\\Lib\\site-packages\\selenium\\webdriver\\remote\\webelement.py\", line 109, in text\n    return self._execute(Command.GET_ELEMENT_TEXT)[\"value\"]\n           ~~~~~~~~~~~~~^^^^^^^^^^^^^^^^^^^^^^^^^^\n  File \"C:\\Users\\admin\\AppData\\Local\\Programs\\Python\\Python313\\Lib\\site-packages\\selenium\\webdriver\\remote\\webelement.py\", line 572, in _execute\n    return self._parent.execute(command, params)\n           ~~~~~~~~~~~~~~~~~~~~^^^^^^^^^^^^^^^^^\n  File \"C:\\Users\\admin\\AppData\\Local\\Programs\\Python\\Python313\\Lib\\site-packages\\selenium\\webdriver\\remote\\webdriver.py\", line 429, in execute\n    self.error_handler.check_response(response)\n    ~~~~~~~~~~~~~~~~~~~~~~~~~~~~~~~~~^^^^^^^^^^\n  File \"C:\\Users\\admin\\AppData\\Local\\Programs\\Python\\Python313\\Lib\\site-packages\\selenium\\webdriver\\remote\\errorhandler.py\", line 232, in check_response\n    raise exception_class(message, screen, stacktrace)\n"}, "start": 1765522972484, "stop": 1765522986110}], "attachments": [{"name": "Failure Screenshot", "source": "fe596079-17b5-4eaf-8351-a25d3d079ce0-attachment.png", "type": "image/png"}, {"name": "stdout", "source": "64d5abed-f3fe-43f7-a562-feb2d3c2bda8-attachment.txt", "type": "text/plain"}], "start": 1765522972475, "stop": 1765522986205, "uuid": "1bf55219-7dac-46ec-a647-41862d8bc1de", "historyId": "fe84132f7f55940eca128df584c71ff2", "testCaseId": "fe84132f7f55940eca128df584c71ff2", "fullName": "testcases.test_create_bot.TestCreateBot#test_delete_bot_confirm", "labels": [{"name": "subSuite", "value": "Create Bot Flow"}, {"name": "suite", "value": "Bot Onboarding"}, {"name": "story", "value": "Delete Bot confirmed"}, {"name": "feature", "value": "Bot Management"}, {"name": "severity", "value": "critical"}, {"name": "parentSuite", "value": "testcases"}, {"name": "host", "value": "DESKTOP-FUB430H"}, {"name": "thread", "value": "26128-MainThread"}, {"name": "framework", "value": "pytest"}, {"name": "language", "value": "cpython3"}, {"name": "package", "value": "testcases.test_create_bot"}], "titlePath": ["testcases", "test_create_bot.py", "TestCreateBot"]}