{"name": "test_theme_settings", "status": "broken", "statusDetails": {"message": "selenium.common.exceptions.TimeoutException: Message: \nStacktrace:\nSymbols not available. Dumping unresolved backtrace:\n\t0x7ff6bffd8245\n\t0x7ff6bffd82a0\n\t0x7ff6bfdb165d\n\t0x7ff6bfe09a33\n\t0x7ff6bfe09d3c\n\t0x7ff6bfe5df67\n\t0x7ff6bfe5ac97\n\t0x7ff6bfdfac29\n\t0x7ff6bfdfba93\n\t0x7ff6c02effe0\n\t0x7ff6c02ea920\n\t0x7ff6c0309086\n\t0x7ff6bfff5744\n\t0x7ff6bfffe6ec\n\t0x7ff6bffe1964\n\t0x7ff6bffe1b15\n\t0x7ff6bffc7842\n\t0x7ffdaa72e8d7\n\t0x7ffdac45c34c", "trace": "self = <test_bot_settings.TestBotSettingsPage object at 0x000001A46DB98510>\ndriver = <selenium.webdriver.chrome.webdriver.WebDriver (session=\"bec8f70d41629514ebb8c23ccd63aed1\")>\n\n    @allure.feature(\"Bot Settings\")\n    @allure.story(\"Theme Settings\")\n    @allure.description(\"Verify that theme settings are applied successfully.\")\n    @allure.severity(allure.severity_level.CRITICAL)\n    @pytest.mark.dependency(depends=[\"knowledge_base_done\"],scope=\"session\")\n    @pytest.mark.order(26)\n    def test_theme_settings(self, driver):\n        bot_settings_page = BotSettingsPage(driver)\n        with allure.step(\"Apply theme settings\"):\n>           bot_settings_page.theme_settings()\n\ntestcases\\test_bot_settings.py:68: \n_ _ _ _ _ _ _ _ _ _ _ _ _ _ _ _ _ _ _ _ _ _ _ _ _ _ _ _ _ _ _ _ _ _ _ _ _ _ _ _ _ _ _ _ _ _ _ _ _ _ _ _ _ _ _ _ _ _ _ _ _ _ _ _ _ _ _ _ _ _ _ _ _ _\npages\\bot_settings.py:404: in theme_settings\n    bot_settings_msg = wait.until(\n_ _ _ _ _ _ _ _ _ _ _ _ _ _ _ _ _ _ _ _ _ _ _ _ _ _ _ _ _ _ _ _ _ _ _ _ _ _ _ _ _ _ _ _ _ _ _ _ _ _ _ _ _ _ _ _ _ _ _ _ _ _ _ _ _ _ _ _ _ _ _ _ _ _\n\nself = <selenium.webdriver.support.wait.WebDriverWait (session=\"bec8f70d41629514ebb8c23ccd63aed1\")>\nmethod = <function visibility_of_element_located.<locals>._predicate at 0x000001A46DD2C360>, message = ''\n\n    def until(self, method: Callable[[D], Union[Literal[False], T]], message: str = \"\") -> T:\n        \"\"\"Wait until the method returns a value that is not False.\n    \n        Calls the method provided with the driver as an argument until the\n        return value does not evaluate to ``False``.\n    \n        Parameters:\n        -----------\n        method: callable(WebDriver)\n            - A callable object that takes a WebDriver instance as an argument.\n    \n        message: str\n            - Optional message for :exc:`TimeoutException`\n    \n        Return:\n        -------\n        object: T\n            - The result of the last call to `method`\n    \n        Raises:\n        -------\n        TimeoutException\n            - If 'method' does not return a truthy value within the WebDriverWait\n            object's timeout\n    \n        Example:\n        --------\n        >>> from selenium.webdriver.common.by import By\n        >>> from selenium.webdriver.support.ui import WebDriverWait\n        >>> from selenium.webdriver.support import expected_conditions as EC\n    \n        # Wait until an element is visible on the page\n        >>> wait = WebDriverWait(driver, 10)\n        >>> element = wait.until(EC.visibility_of_element_located((By.ID, \"exampleId\")))\n        >>> print(element.text)\n        \"\"\"\n        screen = None\n        stacktrace = None\n    \n        end_time = time.monotonic() + self._timeout\n        while True:\n            try:\n                value = method(self._driver)\n                if value:\n                    return value\n            except self._ignored_exceptions as exc:\n                screen = getattr(exc, \"screen\", None)\n                stacktrace = getattr(exc, \"stacktrace\", None)\n            if time.monotonic() > end_time:\n                break\n            time.sleep(self._poll)\n>       raise TimeoutException(message, screen, stacktrace)\nE       selenium.common.exceptions.TimeoutException: Message: \nE       Stacktrace:\nE       Symbols not available. Dumping unresolved backtrace:\nE       \t0x7ff6bffd8245\nE       \t0x7ff6bffd82a0\nE       \t0x7ff6bfdb165d\nE       \t0x7ff6bfe09a33\nE       \t0x7ff6bfe09d3c\nE       \t0x7ff6bfe5df67\nE       \t0x7ff6bfe5ac97\nE       \t0x7ff6bfdfac29\nE       \t0x7ff6bfdfba93\nE       \t0x7ff6c02effe0\nE       \t0x7ff6c02ea920\nE       \t0x7ff6c0309086\nE       \t0x7ff6bfff5744\nE       \t0x7ff6bfffe6ec\nE       \t0x7ff6bffe1964\nE       \t0x7ff6bffe1b15\nE       \t0x7ff6bffc7842\nE       \t0x7ffdaa72e8d7\nE       \t0x7ffdac45c34c\n\n..\\..\\..\\AppData\\Local\\Programs\\Python\\Python313\\Lib\\site-packages\\selenium\\webdriver\\support\\wait.py:146: TimeoutException"}, "description": "Verify that theme settings are applied successfully.", "steps": [{"name": "Apply theme settings", "status": "broken", "statusDetails": {"message": "selenium.common.exceptions.TimeoutException: Message: \nStacktrace:\nSymbols not available. Dumping unresolved backtrace:\n\t0x7ff6bffd8245\n\t0x7ff6bffd82a0\n\t0x7ff6bfdb165d\n\t0x7ff6bfe09a33\n\t0x7ff6bfe09d3c\n\t0x7ff6bfe5df67\n\t0x7ff6bfe5ac97\n\t0x7ff6bfdfac29\n\t0x7ff6bfdfba93\n\t0x7ff6c02effe0\n\t0x7ff6c02ea920\n\t0x7ff6c0309086\n\t0x7ff6bfff5744\n\t0x7ff6bfffe6ec\n\t0x7ff6bffe1964\n\t0x7ff6bffe1b15\n\t0x7ff6bffc7842\n\t0x7ffdaa72e8d7\n\t0x7ffdac45c34c\n\n", "trace": "  File \"C:\\Users\\admin\\PycharmProjects\\ZagentStage\\Z-agentnew\\testcases\\test_bot_settings.py\", line 68, in test_theme_settings\n    bot_settings_page.theme_settings()\n    ~~~~~~~~~~~~~~~~~~~~~~~~~~~~~~~~^^\n  File \"C:\\Users\\admin\\PycharmProjects\\ZagentStage\\Z-agentnew\\pages\\bot_settings.py\", line 404, in theme_settings\n    bot_settings_msg = wait.until(\n        EC.visibility_of_element_located(self.success_msg)\n    )\n  File \"C:\\Users\\admin\\AppData\\Local\\Programs\\Python\\Python313\\Lib\\site-packages\\selenium\\webdriver\\support\\wait.py\", line 146, in until\n    raise TimeoutException(message, screen, stacktrace)\n"}, "start": 1765523427868, "stop": 1765523660061}], "attachments": [{"name": "Failure Screenshot", "source": "4f38bc80-4167-4cb4-8bdf-3beca4665f2c-attachment.png", "type": "image/png"}, {"name": "stdout", "source": "792d17fd-af0e-4513-beca-0a8157127218-attachment.txt", "type": "text/plain"}], "start": 1765523427868, "stop": 1765523660075, "uuid": "09d708d9-2166-47cb-802c-52263a5b1604", "historyId": "c0f110e768f68e06c3945b23b4a4476a", "testCaseId": "c0f110e768f68e06c3945b23b4a4476a", "fullName": "testcases.test_bot_settings.TestBotSettingsPage#test_theme_settings", "labels": [{"name": "feature", "value": "Bot Settings"}, {"name": "subSuite", "value": "Bot Settings"}, {"name": "story", "value": "Theme Settings"}, {"name": "suite", "value": "Bot Onboarding"}, {"name": "severity", "value": "critical"}, {"name": "parentSuite", "value": "testcases"}, {"name": "host", "value": "DESKTOP-FUB430H"}, {"name": "thread", "value": "26128-MainThread"}, {"name": "framework", "value": "pytest"}, {"name": "language", "value": "cpython3"}, {"name": "package", "value": "testcases.test_bot_settings"}], "titlePath": ["testcases", "test_bot_settings.py", "TestBotSettingsPage"]}