{"name": "test_valid_bot_personalization", "status": "broken", "statusDetails": {"message": "selenium.common.exceptions.NoSuchElementException: Message: no such element: Unable to locate element: {\"method\":\"xpath\",\"selector\":\"//input[@placeholder='Enter bot name']\"}\n  (Session info: chrome=143.0.7499.41); For documentation on this error, please visit: https://www.selenium.dev/documentation/webdriver/troubleshooting/errors#no-such-element-exception\nStacktrace:\nSymbols not available. Dumping unresolved backtrace:\n\t0x7ff6bffd8245\n\t0x7ff6bffd82a0\n\t0x7ff6bfdb165d\n\t0x7ff6bfe09a33\n\t0x7ff6bfe09d3c\n\t0x7ff6bfe5df67\n\t0x7ff6bfe5ac97\n\t0x7ff6bfdfac29\n\t0x7ff6bfdfba93\n\t0x7ff6c02effe0\n\t0x7ff6c02ea920\n\t0x7ff6c0309086\n\t0x7ff6bfff5744\n\t0x7ff6bfffe6ec\n\t0x7ff6bffe1964\n\t0x7ff6bffe1b15\n\t0x7ff6bffc7842\n\t0x7ffdaa72e8d7\n\t0x7ffdac45c34c", "trace": "self = <test_bot_settings.TestBotSettingsPage object at 0x000001A46DB696D0>\ndriver = <selenium.webdriver.chrome.webdriver.WebDriver (session=\"bec8f70d41629514ebb8c23ccd63aed1\")>\n\n    @allure.feature(\"Bot Settings\")\n    @allure.story(\"Bot Personalization\")\n    @allure.description(\"Verify that bot personalization settings can be applied correctly.\")\n    @allure.severity(allure.severity_level.CRITICAL)\n    @pytest.mark.dependency(depends=[\"knowledge_base_done\"],scope=\"session\")\n    @pytest.mark.order(25)\n    def test_valid_bot_personalization(self, driver):\n        bot_settings_page = BotSettingsPage(driver)\n        with allure.step(\"Apply valid bot personalization settings\"):\n>           bot_settings_page.valid_bot_personalization()\n\ntestcases\\test_bot_settings.py:53: \n_ _ _ _ _ _ _ _ _ _ _ _ _ _ _ _ _ _ _ _ _ _ _ _ _ _ _ _ _ _ _ _ _ _ _ _ _ _ _ _ _ _ _ _ _ _ _ _ _ _ _ _ _ _ _ _ _ _ _ _ _ _ _ _ _ _ _ _ _ _ _ _ _ _\npages\\bot_settings.py:142: in valid_bot_personalization\n    bot_name_field = self.driver.find_element(*self.bot_name)\n..\\..\\..\\AppData\\Local\\Programs\\Python\\Python313\\Lib\\site-packages\\selenium\\webdriver\\remote\\webdriver.py:898: in find_element\n    return self.execute(Command.FIND_ELEMENT, {\"using\": by, \"value\": value})[\"value\"]\n..\\..\\..\\AppData\\Local\\Programs\\Python\\Python313\\Lib\\site-packages\\selenium\\webdriver\\remote\\webdriver.py:429: in execute\n    self.error_handler.check_response(response)\n_ _ _ _ _ _ _ _ _ _ _ _ _ _ _ _ _ _ _ _ _ _ _ _ _ _ _ _ _ _ _ _ _ _ _ _ _ _ _ _ _ _ _ _ _ _ _ _ _ _ _ _ _ _ _ _ _ _ _ _ _ _ _ _ _ _ _ _ _ _ _ _ _ _\n\nself = <selenium.webdriver.remote.errorhandler.ErrorHandler object at 0x000001A46DC734D0>\nresponse = {'status': 404, 'value': '{\"value\":{\"error\":\"no such element\",\"message\":\"no such element: Unable to locate element: {\\...ff6bfffe6ec\\\\n\\\\t0x7ff6bffe1964\\\\n\\\\t0x7ff6bffe1b15\\\\n\\\\t0x7ff6bffc7842\\\\n\\\\t0x7ffdaa72e8d7\\\\n\\\\t0x7ffdac45c34c\\\\n\"}}'}\n\n    def check_response(self, response: Dict[str, Any]) -> None:\n        \"\"\"Checks that a JSON response from the WebDriver does not have an\n        error.\n    \n        :Args:\n         - response - The JSON response from the WebDriver server as a dictionary\n           object.\n    \n        :Raises: If the response contains an error message.\n        \"\"\"\n        status = response.get(\"status\", None)\n        if not status or status == ErrorCode.SUCCESS:\n            return\n        value = None\n        message = response.get(\"message\", \"\")\n        screen: str = response.get(\"screen\", \"\")\n        stacktrace = None\n        if isinstance(status, int):\n            value_json = response.get(\"value\", None)\n            if value_json and isinstance(value_json, str):\n                import json\n    \n                try:\n                    value = json.loads(value_json)\n                    if len(value) == 1:\n                        value = value[\"value\"]\n                    status = value.get(\"error\", None)\n                    if not status:\n                        status = value.get(\"status\", ErrorCode.UNKNOWN_ERROR)\n                        message = value.get(\"value\") or value.get(\"message\")\n                        if not isinstance(message, str):\n                            value = message\n                            message = message.get(\"message\")\n                    else:\n                        message = value.get(\"message\", None)\n                except ValueError:\n                    pass\n    \n        exception_class: Type[WebDriverException]\n        e = ErrorCode()\n        error_codes = [item for item in dir(e) if not item.startswith(\"__\")]\n        for error_code in error_codes:\n            error_info = getattr(ErrorCode, error_code)\n            if isinstance(error_info, list) and status in error_info:\n                exception_class = getattr(ExceptionMapping, error_code, WebDriverException)\n                break\n        else:\n            exception_class = WebDriverException\n    \n        if not value:\n            value = response[\"value\"]\n        if isinstance(value, str):\n            raise exception_class(value)\n        if message == \"\" and \"message\" in value:\n            message = value[\"message\"]\n    \n        screen = None  # type: ignore[assignment]\n        if \"screen\" in value:\n            screen = value[\"screen\"]\n    \n        stacktrace = None\n        st_value = value.get(\"stackTrace\") or value.get(\"stacktrace\")\n        if st_value:\n            if isinstance(st_value, str):\n                stacktrace = st_value.split(\"\\n\")\n            else:\n                stacktrace = []\n                try:\n                    for frame in st_value:\n                        line = frame.get(\"lineNumber\", \"\")\n                        file = frame.get(\"fileName\", \"<anonymous>\")\n                        if line:\n                            file = f\"{file}:{line}\"\n                        meth = frame.get(\"methodName\", \"<anonymous>\")\n                        if \"className\" in frame:\n                            meth = f\"{frame['className']}.{meth}\"\n                        msg = \"    at %s (%s)\"\n                        msg = msg % (meth, file)\n                        stacktrace.append(msg)\n                except TypeError:\n                    pass\n        if exception_class == UnexpectedAlertPresentException:\n            alert_text = None\n            if \"data\" in value:\n                alert_text = value[\"data\"].get(\"text\")\n            elif \"alert\" in value:\n                alert_text = value[\"alert\"].get(\"text\")\n            raise exception_class(message, screen, stacktrace, alert_text)  # type: ignore[call-arg]  # mypy is not smart enough here\n>       raise exception_class(message, screen, stacktrace)\nE       selenium.common.exceptions.NoSuchElementException: Message: no such element: Unable to locate element: {\"method\":\"xpath\",\"selector\":\"//input[@placeholder='Enter bot name']\"}\nE         (Session info: chrome=143.0.7499.41); For documentation on this error, please visit: https://www.selenium.dev/documentation/webdriver/troubleshooting/errors#no-such-element-exception\nE       Stacktrace:\nE       Symbols not available. Dumping unresolved backtrace:\nE       \t0x7ff6bffd8245\nE       \t0x7ff6bffd82a0\nE       \t0x7ff6bfdb165d\nE       \t0x7ff6bfe09a33\nE       \t0x7ff6bfe09d3c\nE       \t0x7ff6bfe5df67\nE       \t0x7ff6bfe5ac97\nE       \t0x7ff6bfdfac29\nE       \t0x7ff6bfdfba93\nE       \t0x7ff6c02effe0\nE       \t0x7ff6c02ea920\nE       \t0x7ff6c0309086\nE       \t0x7ff6bfff5744\nE       \t0x7ff6bfffe6ec\nE       \t0x7ff6bffe1964\nE       \t0x7ff6bffe1b15\nE       \t0x7ff6bffc7842\nE       \t0x7ffdaa72e8d7\nE       \t0x7ffdac45c34c\n\n..\\..\\..\\AppData\\Local\\Programs\\Python\\Python313\\Lib\\site-packages\\selenium\\webdriver\\remote\\errorhandler.py:232: NoSuchElementException"}, "description": "Verify that bot personalization settings can be applied correctly.", "steps": [{"name": "Apply valid bot personalization settings", "status": "broken", "statusDetails": {"message": "selenium.common.exceptions.NoSuchElementException: Message: no such element: Unable to locate element: {\"method\":\"xpath\",\"selector\":\"//input[@placeholder='Enter bot name']\"}\n  (Session info: chrome=143.0.7499.41); For documentation on this error, please visit: https://www.selenium.dev/documentation/webdriver/troubleshooting/errors#no-such-element-exception\nStacktrace:\nSymbols not available. Dumping unresolved backtrace:\n\t0x7ff6bffd8245\n\t0x7ff6bffd82a0\n\t0x7ff6bfdb165d\n\t0x7ff6bfe09a33\n\t0x7ff6bfe09d3c\n\t0x7ff6bfe5df67\n\t0x7ff6bfe5ac97\n\t0x7ff6bfdfac29\n\t0x7ff6bfdfba93\n\t0x7ff6c02effe0\n\t0x7ff6c02ea920\n\t0x7ff6c0309086\n\t0x7ff6bfff5744\n\t0x7ff6bfffe6ec\n\t0x7ff6bffe1964\n\t0x7ff6bffe1b15\n\t0x7ff6bffc7842\n\t0x7ffdaa72e8d7\n\t0x7ffdac45c34c\n\n", "trace": "  File \"C:\\Users\\admin\\PycharmProjects\\ZagentStage\\Z-agentnew\\testcases\\test_bot_settings.py\", line 53, in test_valid_bot_personalization\n    bot_settings_page.valid_bot_personalization()\n    ~~~~~~~~~~~~~~~~~~~~~~~~~~~~~~~~~~~~~~~~~~~^^\n  File \"C:\\Users\\admin\\PycharmProjects\\ZagentStage\\Z-agentnew\\pages\\bot_settings.py\", line 142, in valid_bot_personalization\n    bot_name_field = self.driver.find_element(*self.bot_name)\n  File \"C:\\Users\\admin\\AppData\\Local\\Programs\\Python\\Python313\\Lib\\site-packages\\selenium\\webdriver\\remote\\webdriver.py\", line 898, in find_element\n    return self.execute(Command.FIND_ELEMENT, {\"using\": by, \"value\": value})[\"value\"]\n           ~~~~~~~~~~~~^^^^^^^^^^^^^^^^^^^^^^^^^^^^^^^^^^^^^^^^^^^^^^^^^^^^^\n  File \"C:\\Users\\admin\\AppData\\Local\\Programs\\Python\\Python313\\Lib\\site-packages\\selenium\\webdriver\\remote\\webdriver.py\", line 429, in execute\n    self.error_handler.check_response(response)\n    ~~~~~~~~~~~~~~~~~~~~~~~~~~~~~~~~~^^^^^^^^^^\n  File \"C:\\Users\\admin\\AppData\\Local\\Programs\\Python\\Python313\\Lib\\site-packages\\selenium\\webdriver\\remote\\errorhandler.py\", line 232, in check_response\n    raise exception_class(message, screen, stacktrace)\n"}, "start": 1765523418498, "stop": 1765523425089}], "attachments": [{"name": "Failure Screenshot", "source": "539e965b-8e95-41f3-b6f5-d17266a874c9-attachment.png", "type": "image/png"}, {"name": "stdout", "source": "12aa1a01-9f2d-48f2-a480-4c903879113d-attachment.txt", "type": "text/plain"}], "start": 1765523418498, "stop": 1765523425092, "uuid": "83ae5d05-ec88-4840-8ba4-b7a7669815da", "historyId": "868a0e766a49b48383bbecf5787fadde", "testCaseId": "868a0e766a49b48383bbecf5787fadde", "fullName": "testcases.test_bot_settings.TestBotSettingsPage#test_valid_bot_personalization", "labels": [{"name": "feature", "value": "Bot Settings"}, {"name": "story", "value": "Bot Personalization"}, {"name": "subSuite", "value": "Bot Settings"}, {"name": "suite", "value": "Bot Onboarding"}, {"name": "severity", "value": "critical"}, {"name": "parentSuite", "value": "testcases"}, {"name": "host", "value": "DESKTOP-FUB430H"}, {"name": "thread", "value": "26128-MainThread"}, {"name": "framework", "value": "pytest"}, {"name": "language", "value": "cpython3"}, {"name": "package", "value": "testcases.test_bot_settings"}], "titlePath": ["testcases", "test_bot_settings.py", "TestBotSettingsPage"]}