{"name": "test_direct_link", "status": "broken", "statusDetails": {"message": "selenium.common.exceptions.NoSuchElementException: Message: no such element: Unable to locate element: {\"method\":\"xpath\",\"selector\":\"//button[.//h3[normalize-space()='Web Integration']]\"}\n  (Session info: chrome=143.0.7499.41); For documentation on this error, please visit: https://www.selenium.dev/documentation/webdriver/troubleshooting/errors#no-such-element-exception\nStacktrace:\nSymbols not available. Dumping unresolved backtrace:\n\t0x7ff6bffd8245\n\t0x7ff6bffd82a0\n\t0x7ff6bfdb165d\n\t0x7ff6bfe09a33\n\t0x7ff6bfe09d3c\n\t0x7ff6bfe5df67\n\t0x7ff6bfe5ac97\n\t0x7ff6bfdfac29\n\t0x7ff6bfdfba93\n\t0x7ff6c02effe0\n\t0x7ff6c02ea920\n\t0x7ff6c0309086\n\t0x7ff6bfff5744\n\t0x7ff6bfffe6ec\n\t0x7ff6bffe1964\n\t0x7ff6bffe1b15\n\t0x7ff6bffc7842\n\t0x7ffdaa72e8d7\n\t0x7ffdac45c34c", "trace": "self = <test_integration.TestIntegrationsPage object at 0x000001A46DB691D0>\ndriver = <selenium.webdriver.chrome.webdriver.WebDriver (session=\"bec8f70d41629514ebb8c23ccd63aed1\")>\n\n    @allure.feature(\"Integrations\")\n    @allure.story(\"Direct Link\")\n    @allure.description(\"Verify that the direct link functionality works correctly in integrations module.\")\n    @allure.severity(allure.severity_level.CRITICAL)\n    @pytest.mark.order(30)\n    def test_direct_link(self, driver):\n        integration_page=IntegrationsPage(driver)\n        with allure.step(\"Execute direct link function and verify behavior\"):\n>        integration_page.integration_module()\n\ntestcases\\test_integration.py:23: \n_ _ _ _ _ _ _ _ _ _ _ _ _ _ _ _ _ _ _ _ _ _ _ _ _ _ _ _ _ _ _ _ _ _ _ _ _ _ _ _ _ _ _ _ _ _ _ _ _ _ _ _ _ _ _ _ _ _ _ _ _ _ _ _ _ _ _ _ _ _ _ _ _ _\npages\\integrations.py:20: in integration_module\n    self.driver.find_element(*self.web_integration_expand).click()\n..\\..\\..\\AppData\\Local\\Programs\\Python\\Python313\\Lib\\site-packages\\selenium\\webdriver\\remote\\webdriver.py:898: in find_element\n    return self.execute(Command.FIND_ELEMENT, {\"using\": by, \"value\": value})[\"value\"]\n..\\..\\..\\AppData\\Local\\Programs\\Python\\Python313\\Lib\\site-packages\\selenium\\webdriver\\remote\\webdriver.py:429: in execute\n    self.error_handler.check_response(response)\n_ _ _ _ _ _ _ _ _ _ _ _ _ _ _ _ _ _ _ _ _ _ _ _ _ _ _ _ _ _ _ _ _ _ _ _ _ _ _ _ _ _ _ _ _ _ _ _ _ _ _ _ _ _ _ _ _ _ _ _ _ _ _ _ _ _ _ _ _ _ _ _ _ _\n\nself = <selenium.webdriver.remote.errorhandler.ErrorHandler object at 0x000001A46DC734D0>\nresponse = {'status': 404, 'value': '{\"value\":{\"error\":\"no such element\",\"message\":\"no such element: Unable to locate element: {\\...ff6bfffe6ec\\\\n\\\\t0x7ff6bffe1964\\\\n\\\\t0x7ff6bffe1b15\\\\n\\\\t0x7ff6bffc7842\\\\n\\\\t0x7ffdaa72e8d7\\\\n\\\\t0x7ffdac45c34c\\\\n\"}}'}\n\n    def check_response(self, response: Dict[str, Any]) -> None:\n        \"\"\"Checks that a JSON response from the WebDriver does not have an\n        error.\n    \n        :Args:\n         - response - The JSON response from the WebDriver server as a dictionary\n           object.\n    \n        :Raises: If the response contains an error message.\n        \"\"\"\n        status = response.get(\"status\", None)\n        if not status or status == ErrorCode.SUCCESS:\n            return\n        value = None\n        message = response.get(\"message\", \"\")\n        screen: str = response.get(\"screen\", \"\")\n        stacktrace = None\n        if isinstance(status, int):\n            value_json = response.get(\"value\", None)\n            if value_json and isinstance(value_json, str):\n                import json\n    \n                try:\n                    value = json.loads(value_json)\n                    if len(value) == 1:\n                        value = value[\"value\"]\n                    status = value.get(\"error\", None)\n                    if not status:\n                        status = value.get(\"status\", ErrorCode.UNKNOWN_ERROR)\n                        message = value.get(\"value\") or value.get(\"message\")\n                        if not isinstance(message, str):\n                            value = message\n                            message = message.get(\"message\")\n                    else:\n                        message = value.get(\"message\", None)\n                except ValueError:\n                    pass\n    \n        exception_class: Type[WebDriverException]\n        e = ErrorCode()\n        error_codes = [item for item in dir(e) if not item.startswith(\"__\")]\n        for error_code in error_codes:\n            error_info = getattr(ErrorCode, error_code)\n            if isinstance(error_info, list) and status in error_info:\n                exception_class = getattr(ExceptionMapping, error_code, WebDriverException)\n                break\n        else:\n            exception_class = WebDriverException\n    \n        if not value:\n            value = response[\"value\"]\n        if isinstance(value, str):\n            raise exception_class(value)\n        if message == \"\" and \"message\" in value:\n            message = value[\"message\"]\n    \n        screen = None  # type: ignore[assignment]\n        if \"screen\" in value:\n            screen = value[\"screen\"]\n    \n        stacktrace = None\n        st_value = value.get(\"stackTrace\") or value.get(\"stacktrace\")\n        if st_value:\n            if isinstance(st_value, str):\n                stacktrace = st_value.split(\"\\n\")\n            else:\n                stacktrace = []\n                try:\n                    for frame in st_value:\n                        line = frame.get(\"lineNumber\", \"\")\n                        file = frame.get(\"fileName\", \"<anonymous>\")\n                        if line:\n                            file = f\"{file}:{line}\"\n                        meth = frame.get(\"methodName\", \"<anonymous>\")\n                        if \"className\" in frame:\n                            meth = f\"{frame['className']}.{meth}\"\n                        msg = \"    at %s (%s)\"\n                        msg = msg % (meth, file)\n                        stacktrace.append(msg)\n                except TypeError:\n                    pass\n        if exception_class == UnexpectedAlertPresentException:\n            alert_text = None\n            if \"data\" in value:\n                alert_text = value[\"data\"].get(\"text\")\n            elif \"alert\" in value:\n                alert_text = value[\"alert\"].get(\"text\")\n            raise exception_class(message, screen, stacktrace, alert_text)  # type: ignore[call-arg]  # mypy is not smart enough here\n>       raise exception_class(message, screen, stacktrace)\nE       selenium.common.exceptions.NoSuchElementException: Message: no such element: Unable to locate element: {\"method\":\"xpath\",\"selector\":\"//button[.//h3[normalize-space()='Web Integration']]\"}\nE         (Session info: chrome=143.0.7499.41); For documentation on this error, please visit: https://www.selenium.dev/documentation/webdriver/troubleshooting/errors#no-such-element-exception\nE       Stacktrace:\nE       Symbols not available. Dumping unresolved backtrace:\nE       \t0x7ff6bffd8245\nE       \t0x7ff6bffd82a0\nE       \t0x7ff6bfdb165d\nE       \t0x7ff6bfe09a33\nE       \t0x7ff6bfe09d3c\nE       \t0x7ff6bfe5df67\nE       \t0x7ff6bfe5ac97\nE       \t0x7ff6bfdfac29\nE       \t0x7ff6bfdfba93\nE       \t0x7ff6c02effe0\nE       \t0x7ff6c02ea920\nE       \t0x7ff6c0309086\nE       \t0x7ff6bfff5744\nE       \t0x7ff6bfffe6ec\nE       \t0x7ff6bffe1964\nE       \t0x7ff6bffe1b15\nE       \t0x7ff6bffc7842\nE       \t0x7ffdaa72e8d7\nE       \t0x7ffdac45c34c\n\n..\\..\\..\\AppData\\Local\\Programs\\Python\\Python313\\Lib\\site-packages\\selenium\\webdriver\\remote\\errorhandler.py:232: NoSuchElementException"}, "description": "Verify that the direct link functionality works correctly in integrations module.", "steps": [{"name": "Execute direct link function and verify behavior", "status": "broken", "statusDetails": {"message": "selenium.common.exceptions.NoSuchElementException: Message: no such element: Unable to locate element: {\"method\":\"xpath\",\"selector\":\"//button[.//h3[normalize-space()='Web Integration']]\"}\n  (Session info: chrome=143.0.7499.41); For documentation on this error, please visit: https://www.selenium.dev/documentation/webdriver/troubleshooting/errors#no-such-element-exception\nStacktrace:\nSymbols not available. Dumping unresolved backtrace:\n\t0x7ff6bffd8245\n\t0x7ff6bffd82a0\n\t0x7ff6bfdb165d\n\t0x7ff6bfe09a33\n\t0x7ff6bfe09d3c\n\t0x7ff6bfe5df67\n\t0x7ff6bfe5ac97\n\t0x7ff6bfdfac29\n\t0x7ff6bfdfba93\n\t0x7ff6c02effe0\n\t0x7ff6c02ea920\n\t0x7ff6c0309086\n\t0x7ff6bfff5744\n\t0x7ff6bfffe6ec\n\t0x7ff6bffe1964\n\t0x7ff6bffe1b15\n\t0x7ff6bffc7842\n\t0x7ffdaa72e8d7\n\t0x7ffdac45c34c\n\n", "trace": "  File \"C:\\Users\\admin\\PycharmProjects\\ZagentStage\\Z-agentnew\\testcases\\test_integration.py\", line 23, in test_direct_link\n    integration_page.integration_module()\n    ~~~~~~~~~~~~~~~~~~~~~~~~~~~~~~~~~~~^^\n  File \"C:\\Users\\admin\\PycharmProjects\\ZagentStage\\Z-agentnew\\pages\\integrations.py\", line 20, in integration_module\n    self.driver.find_element(*self.web_integration_expand).click()\n    ~~~~~~~~~~~~~~~~~~~~~~~~^^^^^^^^^^^^^^^^^^^^^^^^^^^^^^\n  File \"C:\\Users\\admin\\AppData\\Local\\Programs\\Python\\Python313\\Lib\\site-packages\\selenium\\webdriver\\remote\\webdriver.py\", line 898, in find_element\n    return self.execute(Command.FIND_ELEMENT, {\"using\": by, \"value\": value})[\"value\"]\n           ~~~~~~~~~~~~^^^^^^^^^^^^^^^^^^^^^^^^^^^^^^^^^^^^^^^^^^^^^^^^^^^^^\n  File \"C:\\Users\\admin\\AppData\\Local\\Programs\\Python\\Python313\\Lib\\site-packages\\selenium\\webdriver\\remote\\webdriver.py\", line 429, in execute\n    self.error_handler.check_response(response)\n    ~~~~~~~~~~~~~~~~~~~~~~~~~~~~~~~~~^^^^^^^^^^\n  File \"C:\\Users\\admin\\AppData\\Local\\Programs\\Python\\Python313\\Lib\\site-packages\\selenium\\webdriver\\remote\\errorhandler.py\", line 232, in check_response\n    raise exception_class(message, screen, stacktrace)\n"}, "start": 1765523794736, "stop": 1765523799200}], "attachments": [{"name": "Failure Screenshot", "source": "ba7195e7-527d-49c9-b8d5-b38f949bbc30-attachment.png", "type": "image/png"}, {"name": "stdout", "source": "481b6015-11dc-42d8-89c2-91ae41fbd0a2-attachment.txt", "type": "text/plain"}], "start": 1765523794736, "stop": 1765523799203, "uuid": "d5c344d1-8dfd-48f7-88e8-43bcaee9f45f", "historyId": "86e887f030f2009c02edbd76008ca189", "testCaseId": "86e887f030f2009c02edbd76008ca189", "fullName": "testcases.test_integration.TestIntegrationsPage#test_direct_link", "labels": [{"name": "suite", "value": "Bot Onboarding"}, {"name": "feature", "value": "Integrations"}, {"name": "story", "value": "Direct Link"}, {"name": "severity", "value": "critical"}, {"name": "subSuite", "value": "Integrations"}, {"name": "parentSuite", "value": "testcases"}, {"name": "host", "value": "DESKTOP-FUB430H"}, {"name": "thread", "value": "26128-MainThread"}, {"name": "framework", "value": "pytest"}, {"name": "language", "value": "cpython3"}, {"name": "package", "value": "testcases.test_integration"}], "titlePath": ["testcases", "test_integration.py", "TestIntegrationsPage"]}