{"name": "test_valid_llm_details", "status": "broken", "statusDetails": {"message": "selenium.common.exceptions.StaleElementReferenceException: Message: stale element reference: stale element not found in the current frame\n  (Session info: chrome=143.0.7499.41); For documentation on this error, please visit: https://www.selenium.dev/documentation/webdriver/troubleshooting/errors#stale-element-reference-exception\nStacktrace:\nSymbols not available. Dumping unresolved backtrace:\n\t0x7ff6bffd8245\n\t0x7ff6bffd82a0\n\t0x7ff6bfdb165d\n\t0x7ff6bfdb92cc\n\t0x7ff6bfdbc3b4\n\t0x7ff6bfdbc47f\n\t0x7ff6bfe0390c\n\t0x7ff6bfe31fda\n\t0x7ff6bfdfc746\n\t0x7ff6bfe5ac97\n\t0x7ff6bfdfac29\n\t0x7ff6bfdfba93\n\t0x7ff6c02effe0\n\t0x7ff6c02ea920\n\t0x7ff6c0309086\n\t0x7ff6bfff5744\n\t0x7ff6bfffe6ec\n\t0x7ff6bffe1964\n\t0x7ff6bffe1b15\n\t0x7ff6bffc7842\n\t0x7ffdaa72e8d7\n\t0x7ffdac45c34c", "trace": "self = <test_model_config.TestModelConfig object at 0x000001A46DC6C050>\ndriver = <selenium.webdriver.chrome.webdriver.WebDriver (session=\"bec8f70d41629514ebb8c23ccd63aed1\")>\n\n    @allure.feature(\"Model Configuration\")\n    @allure.story(\"Valid LLM Details\")\n    @allure.description(\"Fill valid LLM API key and model details.\")\n    @allure.severity(allure.severity_level.CRITICAL)\n    @pytest.mark.dependency(depends=[\"create_bot_done\"],scope=\"session\")\n    @pytest.mark.order(13)\n    def test_valid_llm_details(self, driver):\n        model_config_page = ModelConfigPage(driver)\n        with allure.step(\"Enter valid LLM configuration details\"):\n>           model_config_page.valid_llm_details()\n\ntestcases\\test_model_config.py:41: \n_ _ _ _ _ _ _ _ _ _ _ _ _ _ _ _ _ _ _ _ _ _ _ _ _ _ _ _ _ _ _ _ _ _ _ _ _ _ _ _ _ _ _ _ _ _ _ _ _ _ _ _ _ _ _ _ _ _ _ _ _ _ _ _ _ _ _ _ _ _ _ _ _ _\npages\\model_config_page.py:141: in valid_llm_details\n    assert \"Configuration saved successfully\" in msg_element.text\n..\\..\\..\\AppData\\Local\\Programs\\Python\\Python313\\Lib\\site-packages\\selenium\\webdriver\\remote\\webelement.py:109: in text\n    return self._execute(Command.GET_ELEMENT_TEXT)[\"value\"]\n..\\..\\..\\AppData\\Local\\Programs\\Python\\Python313\\Lib\\site-packages\\selenium\\webdriver\\remote\\webelement.py:572: in _execute\n    return self._parent.execute(command, params)\n..\\..\\..\\AppData\\Local\\Programs\\Python\\Python313\\Lib\\site-packages\\selenium\\webdriver\\remote\\webdriver.py:429: in execute\n    self.error_handler.check_response(response)\n_ _ _ _ _ _ _ _ _ _ _ _ _ _ _ _ _ _ _ _ _ _ _ _ _ _ _ _ _ _ _ _ _ _ _ _ _ _ _ _ _ _ _ _ _ _ _ _ _ _ _ _ _ _ _ _ _ _ _ _ _ _ _ _ _ _ _ _ _ _ _ _ _ _\n\nself = <selenium.webdriver.remote.errorhandler.ErrorHandler object at 0x000001A46DC734D0>\nresponse = {'status': 404, 'value': '{\"value\":{\"error\":\"stale element reference\",\"message\":\"stale element reference: stale elemen...ff6bfffe6ec\\\\n\\\\t0x7ff6bffe1964\\\\n\\\\t0x7ff6bffe1b15\\\\n\\\\t0x7ff6bffc7842\\\\n\\\\t0x7ffdaa72e8d7\\\\n\\\\t0x7ffdac45c34c\\\\n\"}}'}\n\n    def check_response(self, response: Dict[str, Any]) -> None:\n        \"\"\"Checks that a JSON response from the WebDriver does not have an\n        error.\n    \n        :Args:\n         - response - The JSON response from the WebDriver server as a dictionary\n           object.\n    \n        :Raises: If the response contains an error message.\n        \"\"\"\n        status = response.get(\"status\", None)\n        if not status or status == ErrorCode.SUCCESS:\n            return\n        value = None\n        message = response.get(\"message\", \"\")\n        screen: str = response.get(\"screen\", \"\")\n        stacktrace = None\n        if isinstance(status, int):\n            value_json = response.get(\"value\", None)\n            if value_json and isinstance(value_json, str):\n                import json\n    \n                try:\n                    value = json.loads(value_json)\n                    if len(value) == 1:\n                        value = value[\"value\"]\n                    status = value.get(\"error\", None)\n                    if not status:\n                        status = value.get(\"status\", ErrorCode.UNKNOWN_ERROR)\n                        message = value.get(\"value\") or value.get(\"message\")\n                        if not isinstance(message, str):\n                            value = message\n                            message = message.get(\"message\")\n                    else:\n                        message = value.get(\"message\", None)\n                except ValueError:\n                    pass\n    \n        exception_class: Type[WebDriverException]\n        e = ErrorCode()\n        error_codes = [item for item in dir(e) if not item.startswith(\"__\")]\n        for error_code in error_codes:\n            error_info = getattr(ErrorCode, error_code)\n            if isinstance(error_info, list) and status in error_info:\n                exception_class = getattr(ExceptionMapping, error_code, WebDriverException)\n                break\n        else:\n            exception_class = WebDriverException\n    \n        if not value:\n            value = response[\"value\"]\n        if isinstance(value, str):\n            raise exception_class(value)\n        if message == \"\" and \"message\" in value:\n            message = value[\"message\"]\n    \n        screen = None  # type: ignore[assignment]\n        if \"screen\" in value:\n            screen = value[\"screen\"]\n    \n        stacktrace = None\n        st_value = value.get(\"stackTrace\") or value.get(\"stacktrace\")\n        if st_value:\n            if isinstance(st_value, str):\n                stacktrace = st_value.split(\"\\n\")\n            else:\n                stacktrace = []\n                try:\n                    for frame in st_value:\n                        line = frame.get(\"lineNumber\", \"\")\n                        file = frame.get(\"fileName\", \"<anonymous>\")\n                        if line:\n                            file = f\"{file}:{line}\"\n                        meth = frame.get(\"methodName\", \"<anonymous>\")\n                        if \"className\" in frame:\n                            meth = f\"{frame['className']}.{meth}\"\n                        msg = \"    at %s (%s)\"\n                        msg = msg % (meth, file)\n                        stacktrace.append(msg)\n                except TypeError:\n                    pass\n        if exception_class == UnexpectedAlertPresentException:\n            alert_text = None\n            if \"data\" in value:\n                alert_text = value[\"data\"].get(\"text\")\n            elif \"alert\" in value:\n                alert_text = value[\"alert\"].get(\"text\")\n            raise exception_class(message, screen, stacktrace, alert_text)  # type: ignore[call-arg]  # mypy is not smart enough here\n>       raise exception_class(message, screen, stacktrace)\nE       selenium.common.exceptions.StaleElementReferenceException: Message: stale element reference: stale element not found in the current frame\nE         (Session info: chrome=143.0.7499.41); For documentation on this error, please visit: https://www.selenium.dev/documentation/webdriver/troubleshooting/errors#stale-element-reference-exception\nE       Stacktrace:\nE       Symbols not available. Dumping unresolved backtrace:\nE       \t0x7ff6bffd8245\nE       \t0x7ff6bffd82a0\nE       \t0x7ff6bfdb165d\nE       \t0x7ff6bfdb92cc\nE       \t0x7ff6bfdbc3b4\nE       \t0x7ff6bfdbc47f\nE       \t0x7ff6bfe0390c\nE       \t0x7ff6bfe31fda\nE       \t0x7ff6bfdfc746\nE       \t0x7ff6bfe5ac97\nE       \t0x7ff6bfdfac29\nE       \t0x7ff6bfdfba93\nE       \t0x7ff6c02effe0\nE       \t0x7ff6c02ea920\nE       \t0x7ff6c0309086\nE       \t0x7ff6bfff5744\nE       \t0x7ff6bfffe6ec\nE       \t0x7ff6bffe1964\nE       \t0x7ff6bffe1b15\nE       \t0x7ff6bffc7842\nE       \t0x7ffdaa72e8d7\nE       \t0x7ffdac45c34c\n\n..\\..\\..\\AppData\\Local\\Programs\\Python\\Python313\\Lib\\site-packages\\selenium\\webdriver\\remote\\errorhandler.py:232: StaleElementReferenceException"}, "description": "Fill valid LLM API key and model details.", "steps": [{"name": "Enter valid LLM configuration details", "status": "broken", "statusDetails": {"message": "selenium.common.exceptions.StaleElementReferenceException: Message: stale element reference: stale element not found in the current frame\n  (Session info: chrome=143.0.7499.41); For documentation on this error, please visit: https://www.selenium.dev/documentation/webdriver/troubleshooting/errors#stale-element-reference-exception\nStacktrace:\nSymbols not available. Dumping unresolved backtrace:\n\t0x7ff6bffd8245\n\t0x7ff6bffd82a0\n\t0x7ff6bfdb165d\n\t0x7ff6bfdb92cc\n\t0x7ff6bfdbc3b4\n\t0x7ff6bfdbc47f\n\t0x7ff6bfe0390c\n\t0x7ff6bfe31fda\n\t0x7ff6bfdfc746\n\t0x7ff6bfe5ac97\n\t0x7ff6bfdfac29\n\t0x7ff6bfdfba93\n\t0x7ff6c02effe0\n\t0x7ff6c02ea920\n\t0x7ff6c0309086\n\t0x7ff6bfff5744\n\t0x7ff6bfffe6ec\n\t0x7ff6bffe1964\n\t0x7ff6bffe1b15\n\t0x7ff6bffc7842\n\t0x7ffdaa72e8d7\n\t0x7ffdac45c34c\n\n", "trace": "  File \"C:\\Users\\admin\\PycharmProjects\\ZagentStage\\Z-agentnew\\testcases\\test_model_config.py\", line 41, in test_valid_llm_details\n    model_config_page.valid_llm_details()\n    ~~~~~~~~~~~~~~~~~~~~~~~~~~~~~~~~~~~^^\n  File \"C:\\Users\\admin\\PycharmProjects\\ZagentStage\\Z-agentnew\\pages\\model_config_page.py\", line 141, in valid_llm_details\n    assert \"Configuration saved successfully\" in msg_element.text\n                                                 ^^^^^^^^^^^^^^^^\n  File \"C:\\Users\\admin\\AppData\\Local\\Programs\\Python\\Python313\\Lib\\site-packages\\selenium\\webdriver\\remote\\webelement.py\", line 109, in text\n    return self._execute(Command.GET_ELEMENT_TEXT)[\"value\"]\n           ~~~~~~~~~~~~~^^^^^^^^^^^^^^^^^^^^^^^^^^\n  File \"C:\\Users\\admin\\AppData\\Local\\Programs\\Python\\Python313\\Lib\\site-packages\\selenium\\webdriver\\remote\\webelement.py\", line 572, in _execute\n    return self._parent.execute(command, params)\n           ~~~~~~~~~~~~~~~~~~~~^^^^^^^^^^^^^^^^^\n  File \"C:\\Users\\admin\\AppData\\Local\\Programs\\Python\\Python313\\Lib\\site-packages\\selenium\\webdriver\\remote\\webdriver.py\", line 429, in execute\n    self.error_handler.check_response(response)\n    ~~~~~~~~~~~~~~~~~~~~~~~~~~~~~~~~~^^^^^^^^^^\n  File \"C:\\Users\\admin\\AppData\\Local\\Programs\\Python\\Python313\\Lib\\site-packages\\selenium\\webdriver\\remote\\errorhandler.py\", line 232, in check_response\n    raise exception_class(message, screen, stacktrace)\n"}, "start": 1765523048254, "stop": 1765523140158}], "attachments": [{"name": "Failure Screenshot", "source": "e74cd5d1-77f4-4640-8c79-043baf84394c-attachment.png", "type": "image/png"}, {"name": "stdout", "source": "3bc60001-05e6-45f0-86ee-5a36f7f149a4-attachment.txt", "type": "text/plain"}], "start": 1765523048253, "stop": 1765523140232, "uuid": "3363bf32-b85b-4a2f-8bad-d3c561c9bcf2", "historyId": "629e2a2beb7bc2e1925a53b18e6fd800", "testCaseId": "629e2a2beb7bc2e1925a53b18e6fd800", "fullName": "testcases.test_model_config.TestModelConfig#test_valid_llm_details", "labels": [{"name": "story", "value": "Valid LLM Details"}, {"name": "suite", "value": "Bot Onboarding"}, {"name": "feature", "value": "Model Configuration"}, {"name": "subSuite", "value": "Model Configuration"}, {"name": "severity", "value": "critical"}, {"name": "parentSuite", "value": "testcases"}, {"name": "host", "value": "DESKTOP-FUB430H"}, {"name": "thread", "value": "26128-MainThread"}, {"name": "framework", "value": "pytest"}, {"name": "language", "value": "cpython3"}, {"name": "package", "value": "testcases.test_model_config"}], "titlePath": ["testcases", "test_model_config.py", "TestModelConfig"]}