{"name": "test_invalid_email_formats[invalid]", "status": "broken", "statusDetails": {"message": "selenium.common.exceptions.NoSuchElementException: Message: no such element: Unable to locate element: {\"method\":\"xpath\",\"selector\":\"//input[@placeholder='you@company.com']\"}\n  (Session info: chrome=142.0.7444.136); For documentation on this error, please visit: https://www.selenium.dev/documentation/webdriver/troubleshooting/errors#no-such-element-exception\nStacktrace:\nSymbols not available. Dumping unresolved backtrace:\n\t0x7ff6f672a235\n\t0x7ff6f6482650\n\t0x7ff6f62116dd\n\t0x7ff6f626a27e\n\t0x7ff6f626a58c\n\t0x7ff6f62bed77\n\t0x7ff6f62bbaba\n\t0x7ff6f625b0ed\n\t0x7ff6f625bf63\n\t0x7ff6f6755d60\n\t0x7ff6f674fe8a\n\t0x7ff6f6771005\n\t0x7ff6f649d73e\n\t0x7ff6f64a4e3f\n\t0x7ff6f648b7e4\n\t0x7ff6f648b99f\n\t0x7ff6f6471908\n\t0x7ffee790e8d7\n\t0x7ffee8dbc34c", "trace": "self = <test_login.TestLogin object at 0x00000249A3BB6350>, email = 'invalid'\n\n    @pytest.mark.parametrize(\"email\", [\"invalid\", \"test@\", \"user@\", \"plainaddress\", \"@domain.com\"])\n    @allure.story(\"Invalid Email Formats\")\n    def test_invalid_email_formats(self, email):\n        test_name = f\"test_invalid_email_{email}\"\n        try:\n>           self.login_page.clear_fields()\n\ntestcases\\test_login.py:46: \n_ _ _ _ _ _ _ _ _ _ _ _ _ _ _ _ _ _ _ _ _ _ _ _ _ _ _ _ _ _ _ _ _ _ _ _ _ _ _ _ _ _ _ _ _ _ _ _ _ _ _ _ _ _ _ _ _ _ _ _ _ _ _ _ _ _ _ _ _ _ _ _ _ _\npages\\login_page.py:35: in clear_fields\n    self.driver.find_element(*self.email_input).clear()\n..\\..\\..\\AppData\\Local\\Programs\\Python\\Python313\\Lib\\site-packages\\selenium\\webdriver\\remote\\webdriver.py:898: in find_element\n    return self.execute(Command.FIND_ELEMENT, {\"using\": by, \"value\": value})[\"value\"]\n..\\..\\..\\AppData\\Local\\Programs\\Python\\Python313\\Lib\\site-packages\\selenium\\webdriver\\remote\\webdriver.py:429: in execute\n    self.error_handler.check_response(response)\n_ _ _ _ _ _ _ _ _ _ _ _ _ _ _ _ _ _ _ _ _ _ _ _ _ _ _ _ _ _ _ _ _ _ _ _ _ _ _ _ _ _ _ _ _ _ _ _ _ _ _ _ _ _ _ _ _ _ _ _ _ _ _ _ _ _ _ _ _ _ _ _ _ _\n\nself = <selenium.webdriver.remote.errorhandler.ErrorHandler object at 0x00000249A3C51FD0>\nresponse = {'status': 404, 'value': '{\"value\":{\"error\":\"no such element\",\"message\":\"no such element: Unable to locate element: {\\...ff6f64a4e3f\\\\n\\\\t0x7ff6f648b7e4\\\\n\\\\t0x7ff6f648b99f\\\\n\\\\t0x7ff6f6471908\\\\n\\\\t0x7ffee790e8d7\\\\n\\\\t0x7ffee8dbc34c\\\\n\"}}'}\n\n    def check_response(self, response: Dict[str, Any]) -> None:\n        \"\"\"Checks that a JSON response from the WebDriver does not have an\n        error.\n    \n        :Args:\n         - response - The JSON response from the WebDriver server as a dictionary\n           object.\n    \n        :Raises: If the response contains an error message.\n        \"\"\"\n        status = response.get(\"status\", None)\n        if not status or status == ErrorCode.SUCCESS:\n            return\n        value = None\n        message = response.get(\"message\", \"\")\n        screen: str = response.get(\"screen\", \"\")\n        stacktrace = None\n        if isinstance(status, int):\n            value_json = response.get(\"value\", None)\n            if value_json and isinstance(value_json, str):\n                import json\n    \n                try:\n                    value = json.loads(value_json)\n                    if len(value) == 1:\n                        value = value[\"value\"]\n                    status = value.get(\"error\", None)\n                    if not status:\n                        status = value.get(\"status\", ErrorCode.UNKNOWN_ERROR)\n                        message = value.get(\"value\") or value.get(\"message\")\n                        if not isinstance(message, str):\n                            value = message\n                            message = message.get(\"message\")\n                    else:\n                        message = value.get(\"message\", None)\n                except ValueError:\n                    pass\n    \n        exception_class: Type[WebDriverException]\n        e = ErrorCode()\n        error_codes = [item for item in dir(e) if not item.startswith(\"__\")]\n        for error_code in error_codes:\n            error_info = getattr(ErrorCode, error_code)\n            if isinstance(error_info, list) and status in error_info:\n                exception_class = getattr(ExceptionMapping, error_code, WebDriverException)\n                break\n        else:\n            exception_class = WebDriverException\n    \n        if not value:\n            value = response[\"value\"]\n        if isinstance(value, str):\n            raise exception_class(value)\n        if message == \"\" and \"message\" in value:\n            message = value[\"message\"]\n    \n        screen = None  # type: ignore[assignment]\n        if \"screen\" in value:\n            screen = value[\"screen\"]\n    \n        stacktrace = None\n        st_value = value.get(\"stackTrace\") or value.get(\"stacktrace\")\n        if st_value:\n            if isinstance(st_value, str):\n                stacktrace = st_value.split(\"\\n\")\n            else:\n                stacktrace = []\n                try:\n                    for frame in st_value:\n                        line = frame.get(\"lineNumber\", \"\")\n                        file = frame.get(\"fileName\", \"<anonymous>\")\n                        if line:\n                            file = f\"{file}:{line}\"\n                        meth = frame.get(\"methodName\", \"<anonymous>\")\n                        if \"className\" in frame:\n                            meth = f\"{frame['className']}.{meth}\"\n                        msg = \"    at %s (%s)\"\n                        msg = msg % (meth, file)\n                        stacktrace.append(msg)\n                except TypeError:\n                    pass\n        if exception_class == UnexpectedAlertPresentException:\n            alert_text = None\n            if \"data\" in value:\n                alert_text = value[\"data\"].get(\"text\")\n            elif \"alert\" in value:\n                alert_text = value[\"alert\"].get(\"text\")\n            raise exception_class(message, screen, stacktrace, alert_text)  # type: ignore[call-arg]  # mypy is not smart enough here\n>       raise exception_class(message, screen, stacktrace)\nE       selenium.common.exceptions.NoSuchElementException: Message: no such element: Unable to locate element: {\"method\":\"xpath\",\"selector\":\"//input[@placeholder='you@company.com']\"}\nE         (Session info: chrome=142.0.7444.136); For documentation on this error, please visit: https://www.selenium.dev/documentation/webdriver/troubleshooting/errors#no-such-element-exception\nE       Stacktrace:\nE       Symbols not available. Dumping unresolved backtrace:\nE       \t0x7ff6f672a235\nE       \t0x7ff6f6482650\nE       \t0x7ff6f62116dd\nE       \t0x7ff6f626a27e\nE       \t0x7ff6f626a58c\nE       \t0x7ff6f62bed77\nE       \t0x7ff6f62bbaba\nE       \t0x7ff6f625b0ed\nE       \t0x7ff6f625bf63\nE       \t0x7ff6f6755d60\nE       \t0x7ff6f674fe8a\nE       \t0x7ff6f6771005\nE       \t0x7ff6f649d73e\nE       \t0x7ff6f64a4e3f\nE       \t0x7ff6f648b7e4\nE       \t0x7ff6f648b99f\nE       \t0x7ff6f6471908\nE       \t0x7ffee790e8d7\nE       \t0x7ffee8dbc34c\n\n..\\..\\..\\AppData\\Local\\Programs\\Python\\Python313\\Lib\\site-packages\\selenium\\webdriver\\remote\\errorhandler.py:232: NoSuchElementException"}, "attachments": [{"name": "test_invalid_email_invalid_failure", "source": "59cdeaea-15b7-4f46-bc00-b6bce6bcc365-attachment.png", "type": "image/png"}], "parameters": [{"name": "email", "value": "'invalid'"}], "start": 1763030464166, "stop": 1763030464326, "uuid": "6c000b1f-0003-4007-974b-ad16af5e73f6", "historyId": "c6297b89e35f963bea0a30fd0c9e56af", "testCaseId": "57f887fa10bcfce4795a14b56a43121b", "fullName": "testcases.test_login.TestLogin#test_invalid_email_formats", "labels": [{"name": "subSuite", "value": "Login"}, {"name": "suite", "value": "Authentication"}, {"name": "story", "value": "Invalid Email Formats"}, {"name": "parentSuite", "value": "testcases"}, {"name": "host", "value": "DESKTOP-FUB430H"}, {"name": "thread", "value": "41872-MainThread"}, {"name": "framework", "value": "pytest"}, {"name": "language", "value": "cpython3"}, {"name": "package", "value": "testcases.test_login"}], "titlePath": ["testcases", "test_login.py", "TestLogin"]}