{"name": "test_blank_fields", "status": "broken", "statusDetails": {"message": "selenium.common.exceptions.TimeoutException: Message: \nStacktrace:\nSymbols not available. Dumping unresolved backtrace:\n\t0x7ff6f672a235\n\t0x7ff6f6482650\n\t0x7ff6f62116dd\n\t0x7ff6f626a27e\n\t0x7ff6f626a58c\n\t0x7ff6f62bed77\n\t0x7ff6f62bbaba\n\t0x7ff6f625b0ed\n\t0x7ff6f625bf63\n\t0x7ff6f6755d60\n\t0x7ff6f674fe8a\n\t0x7ff6f6771005\n\t0x7ff6f649d73e\n\t0x7ff6f64a4e3f\n\t0x7ff6f648b7e4\n\t0x7ff6f648b99f\n\t0x7ff6f6471908\n\t0x7ffee790e8d7\n\t0x7ffee8dbc34c", "trace": "self = <test_login.TestLogin object at 0x00000190B0C29BD0>\n\n    @allure.story(\"Blank Fields\")\n    def test_blank_fields(self):\n        test_name = \"test_blank_fields\"\n        try:\n            self.driver.refresh()\n>           self.login_page.toggle_terms()\n\ntestcases\\test_login.py:31: \n_ _ _ _ _ _ _ _ _ _ _ _ _ _ _ _ _ _ _ _ _ _ _ _ _ _ _ _ _ _ _ _ _ _ _ _ _ _ _ _ _ _ _ _ _ _ _ _ _ _ _ _ _ _ _ _ _ _ _ _ _ _ _ _ _ _ _ _ _ _ _ _ _ _\npages\\login_page.py:25: in toggle_terms\n    checkbox = WebDriverWait(self.driver, 10).until(EC.element_to_be_clickable(self.checkbox_terms))\n_ _ _ _ _ _ _ _ _ _ _ _ _ _ _ _ _ _ _ _ _ _ _ _ _ _ _ _ _ _ _ _ _ _ _ _ _ _ _ _ _ _ _ _ _ _ _ _ _ _ _ _ _ _ _ _ _ _ _ _ _ _ _ _ _ _ _ _ _ _ _ _ _ _\n\nself = <selenium.webdriver.support.wait.WebDriverWait (session=\"ec1d332f19457987d6f147deb87bb104\")>\nmethod = <function element_to_be_clickable.<locals>._predicate at 0x00000190B07D6160>, message = ''\n\n    def until(self, method: Callable[[D], Union[Literal[False], T]], message: str = \"\") -> T:\n        \"\"\"Wait until the method returns a value that is not False.\n    \n        Calls the method provided with the driver as an argument until the\n        return value does not evaluate to ``False``.\n    \n        Parameters:\n        -----------\n        method: callable(WebDriver)\n            - A callable object that takes a WebDriver instance as an argument.\n    \n        message: str\n            - Optional message for :exc:`TimeoutException`\n    \n        Return:\n        -------\n        object: T\n            - The result of the last call to `method`\n    \n        Raises:\n        -------\n        TimeoutException\n            - If 'method' does not return a truthy value within the WebDriverWait\n            object's timeout\n    \n        Example:\n        --------\n        >>> from selenium.webdriver.common.by import By\n        >>> from selenium.webdriver.support.ui import WebDriverWait\n        >>> from selenium.webdriver.support import expected_conditions as EC\n    \n        # Wait until an element is visible on the page\n        >>> wait = WebDriverWait(driver, 10)\n        >>> element = wait.until(EC.visibility_of_element_located((By.ID, \"exampleId\")))\n        >>> print(element.text)\n        \"\"\"\n        screen = None\n        stacktrace = None\n    \n        end_time = time.monotonic() + self._timeout\n        while True:\n            try:\n                value = method(self._driver)\n                if value:\n                    return value\n            except self._ignored_exceptions as exc:\n                screen = getattr(exc, \"screen\", None)\n                stacktrace = getattr(exc, \"stacktrace\", None)\n            if time.monotonic() > end_time:\n                break\n            time.sleep(self._poll)\n>       raise TimeoutException(message, screen, stacktrace)\nE       selenium.common.exceptions.TimeoutException: Message: \nE       Stacktrace:\nE       Symbols not available. Dumping unresolved backtrace:\nE       \t0x7ff6f672a235\nE       \t0x7ff6f6482650\nE       \t0x7ff6f62116dd\nE       \t0x7ff6f626a27e\nE       \t0x7ff6f626a58c\nE       \t0x7ff6f62bed77\nE       \t0x7ff6f62bbaba\nE       \t0x7ff6f625b0ed\nE       \t0x7ff6f625bf63\nE       \t0x7ff6f6755d60\nE       \t0x7ff6f674fe8a\nE       \t0x7ff6f6771005\nE       \t0x7ff6f649d73e\nE       \t0x7ff6f64a4e3f\nE       \t0x7ff6f648b7e4\nE       \t0x7ff6f648b99f\nE       \t0x7ff6f6471908\nE       \t0x7ffee790e8d7\nE       \t0x7ffee8dbc34c\n\n..\\..\\..\\AppData\\Local\\Programs\\Python\\Python313\\Lib\\site-packages\\selenium\\webdriver\\support\\wait.py:146: TimeoutException"}, "attachments": [{"name": "test_blank_fields_failure", "source": "8e3b19ae-101d-433e-a446-0a5da02d1120-attachment.png", "type": "image/png"}], "start": 1763031009418, "stop": 1763031020076, "uuid": "39bd459d-ea34-446c-a7a0-d0cc7f80535f", "historyId": "451548b55f5fa44c31341e29d2d1308f", "testCaseId": "451548b55f5fa44c31341e29d2d1308f", "fullName": "testcases.test_login.TestLogin#test_blank_fields", "labels": [{"name": "story", "value": "Blank Fields"}, {"name": "subSuite", "value": "Login"}, {"name": "suite", "value": "Authentication"}, {"name": "parentSuite", "value": "testcases"}, {"name": "host", "value": "DESKTOP-FUB430H"}, {"name": "thread", "value": "6316-MainThread"}, {"name": "framework", "value": "pytest"}, {"name": "language", "value": "cpython3"}, {"name": "package", "value": "testcases.test_login"}], "titlePath": ["testcases", "test_login.py", "TestLogin"]}