{"name": "test_invalid_email_formats[@domain.com]", "status": "broken", "statusDetails": {"message": "selenium.common.exceptions.TimeoutException: Message:", "trace": "self = <test_login.TestLogin object at 0x0000016833D4EE00>, email = '@domain.com'\n\n    @pytest.mark.parametrize(\"email\", [\"invalid\", \"test@\", \"user@\", \"plainaddress\", \"@domain.com\"])\n    @allure.story(\"Invalid Email Formats\")\n    def test_invalid_email_formats(self, email):\n        test_name = f\"test_invalid_email_{email}\"\n        try:\n            self.login_page.clear_fields()\n            self.login_page.enter_email(email)\n            self.login_page.enter_password(\"Test@123\")\n>           self.login_page.click_login()\n\ntestcases\\test_login.py:56: \n_ _ _ _ _ _ _ _ _ _ _ _ _ _ _ _ _ _ _ _ _ _ _ _ _ _ _ _ _ _ _ _ _ _ _ _ _ _ _ _ _ _ _ _ _ _ _ _ _ _ _ _ _ _ _ _ _ _ _ _ _ _ _ _ _ _ _ _ _ _ _ _ _ _\npages\\login_page.py:22: in click_login\n    WebDriverWait(self.driver, 10).until(EC.element_to_be_clickable(self.login_button)).click()\n_ _ _ _ _ _ _ _ _ _ _ _ _ _ _ _ _ _ _ _ _ _ _ _ _ _ _ _ _ _ _ _ _ _ _ _ _ _ _ _ _ _ _ _ _ _ _ _ _ _ _ _ _ _ _ _ _ _ _ _ _ _ _ _ _ _ _ _ _ _ _ _ _ _\n\nself = <selenium.webdriver.support.wait.WebDriverWait (session=\"d8c557bdda9902634d866a076daa127e\")>\nmethod = <function element_to_be_clickable.<locals>._predicate at 0x0000016833F9C680>, message = ''\n\n    def until(self, method: Callable[[D], Union[Literal[False], T]], message: str = \"\") -> T:\n        \"\"\"Wait until the method returns a value that is not False.\n    \n        Calls the method provided with the driver as an argument until the\n        return value does not evaluate to ``False``.\n    \n        Parameters:\n        -----------\n        method: callable(WebDriver)\n            - A callable object that takes a WebDriver instance as an argument.\n    \n        message: str\n            - Optional message for :exc:`TimeoutException`\n    \n        Return:\n        -------\n        object: T\n            - The result of the last call to `method`\n    \n        Raises:\n        -------\n        TimeoutException\n            - If 'method' does not return a truthy value within the WebDriverWait\n            object's timeout\n    \n        Example:\n        --------\n        >>> from selenium.webdriver.common.by import By\n        >>> from selenium.webdriver.support.ui import WebDriverWait\n        >>> from selenium.webdriver.support import expected_conditions as EC\n    \n        # Wait until an element is visible on the page\n        >>> wait = WebDriverWait(driver, 10)\n        >>> element = wait.until(EC.visibility_of_element_located((By.ID, \"exampleId\")))\n        >>> print(element.text)\n        \"\"\"\n        screen = None\n        stacktrace = None\n    \n        end_time = time.monotonic() + self._timeout\n        while True:\n            try:\n                value = method(self._driver)\n                if value:\n                    return value\n            except self._ignored_exceptions as exc:\n                screen = getattr(exc, \"screen\", None)\n                stacktrace = getattr(exc, \"stacktrace\", None)\n            if time.monotonic() > end_time:\n                break\n            time.sleep(self._poll)\n>       raise TimeoutException(message, screen, stacktrace)\nE       selenium.common.exceptions.TimeoutException: Message:\n\n..\\..\\..\\AppData\\Local\\Programs\\Python\\Python313\\Lib\\site-packages\\selenium\\webdriver\\support\\wait.py:146: TimeoutException"}, "attachments": [{"name": "test_invalid_email_@domain.com_failure", "source": "9c53ff7d-81df-420f-b77d-7600e395c4fc-attachment.png", "type": "image/png"}], "parameters": [{"name": "email", "value": "'@domain.com'"}], "start": 1763032080711, "stop": 1763032092260, "uuid": "63086ac8-3e24-453b-a41f-903a0448dbf5", "historyId": "080aef50b61589da3b07e655d7c93f40", "testCaseId": "57f887fa10bcfce4795a14b56a43121b", "fullName": "testcases.test_login.TestLogin#test_invalid_email_formats", "labels": [{"name": "story", "value": "Invalid Email Formats"}, {"name": "subSuite", "value": "Login"}, {"name": "suite", "value": "Authentication"}, {"name": "parentSuite", "value": "testcases"}, {"name": "host", "value": "DESKTOP-FUB430H"}, {"name": "thread", "value": "38580-MainThread"}, {"name": "framework", "value": "pytest"}, {"name": "language", "value": "cpython3"}, {"name": "package", "value": "testcases.test_login"}], "titlePath": ["testcases", "test_login.py", "TestLogin"]}