{"uid":"71ceafb144b03086","name":"test_validation_msg_bot","fullName":"testcases.test_bot_settings.TestBotSettingsPage#test_validation_msg_bot","historyId":"852adb841586c63c3cf76b3a40a3650d","time":{"start":1765441324098,"stop":1765441351821,"duration":27723},"description":"Verify validation messages appear correctly for bot settings (if implemented).","descriptionHtml":"<p>Verify validation messages appear correctly for bot settings (if implemented).</p>\n","status":"broken","statusMessage":"selenium.common.exceptions.TimeoutException: Message: \nStacktrace:\nSymbols not available. Dumping unresolved backtrace:\n\t0x7ff777fd8245\n\t0x7ff777fd82a0\n\t0x7ff777db165d\n\t0x7ff777e09a33\n\t0x7ff777e09d3c\n\t0x7ff777e5df67\n\t0x7ff777e5ac97\n\t0x7ff777dfac29\n\t0x7ff777dfba93\n\t0x7ff7782effe0\n\t0x7ff7782ea920\n\t0x7ff778309086\n\t0x7ff777ff5744\n\t0x7ff777ffe6ec\n\t0x7ff777fe1964\n\t0x7ff777fe1b15\n\t0x7ff777fc7842\n\t0x7ffdaa72e8d7\n\t0x7ffdac45c34c","statusTrace":"self = <test_bot_settings.TestBotSettingsPage object at 0x0000019ECEA4C2D0>\ndriver = <selenium.webdriver.chrome.webdriver.WebDriver (session=\"5eb6d58ed56d260e476e0bbf059dc585\")>\n\n    @allure.feature(\"Bot Settings\")\n    @allure.story(\"Validation Messages\")\n    @allure.description(\"Verify validation messages appear correctly for bot settings (if implemented).\")\n    @allure.severity(allure.severity_level.MINOR)\n    @pytest.mark.dependency(depends=[\"knowledge_base_done\"], scope=\"session\")\n    @pytest.mark.dependency(name=\"bot_settings_done\",scope=\"session\")\n    @pytest.mark.order(24)\n    def test_validation_msg_bot(self, driver):\n        bot_settings_page = BotSettingsPage(driver)\n        with allure.step(\"Check validation messages for bot settings\"):\n>           bot_settings_page.validation_msg_bot()\n\ntestcases\\test_bot_settings.py:39: \n_ _ _ _ _ _ _ _ _ _ _ _ _ _ _ _ _ _ _ _ _ _ _ _ _ _ _ _ _ _ _ _ _ _ _ _ _ _ _ _ _ _ _ _ _ _ _ _ _ _ _ _ _ _ _ _ _ _ _ _ _ _ _ _ _ _ _ _ _ _ _ _ _ _\npages\\bot_settings.py:128: in validation_msg_bot\n    bot_lang_val_msg = wait.until(\n_ _ _ _ _ _ _ _ _ _ _ _ _ _ _ _ _ _ _ _ _ _ _ _ _ _ _ _ _ _ _ _ _ _ _ _ _ _ _ _ _ _ _ _ _ _ _ _ _ _ _ _ _ _ _ _ _ _ _ _ _ _ _ _ _ _ _ _ _ _ _ _ _ _\n\nself = <selenium.webdriver.support.wait.WebDriverWait (session=\"5eb6d58ed56d260e476e0bbf059dc585\")>\nmethod = <function visibility_of_element_located.<locals>._predicate at 0x0000019ECEA88400>, message = ''\n\n    def until(self, method: Callable[[D], Union[Literal[False], T]], message: str = \"\") -> T:\n        \"\"\"Wait until the method returns a value that is not False.\n    \n        Calls the method provided with the driver as an argument until the\n        return value does not evaluate to ``False``.\n    \n        Parameters:\n        -----------\n        method: callable(WebDriver)\n            - A callable object that takes a WebDriver instance as an argument.\n    \n        message: str\n            - Optional message for :exc:`TimeoutException`\n    \n        Return:\n        -------\n        object: T\n            - The result of the last call to `method`\n    \n        Raises:\n        -------\n        TimeoutException\n            - If 'method' does not return a truthy value within the WebDriverWait\n            object's timeout\n    \n        Example:\n        --------\n        >>> from selenium.webdriver.common.by import By\n        >>> from selenium.webdriver.support.ui import WebDriverWait\n        >>> from selenium.webdriver.support import expected_conditions as EC\n    \n        # Wait until an element is visible on the page\n        >>> wait = WebDriverWait(driver, 10)\n        >>> element = wait.until(EC.visibility_of_element_located((By.ID, \"exampleId\")))\n        >>> print(element.text)\n        \"\"\"\n        screen = None\n        stacktrace = None\n    \n        end_time = time.monotonic() + self._timeout\n        while True:\n            try:\n                value = method(self._driver)\n                if value:\n                    return value\n            except self._ignored_exceptions as exc:\n                screen = getattr(exc, \"screen\", None)\n                stacktrace = getattr(exc, \"stacktrace\", None)\n            if time.monotonic() > end_time:\n                break\n            time.sleep(self._poll)\n>       raise TimeoutException(message, screen, stacktrace)\nE       selenium.common.exceptions.TimeoutException: Message: \nE       Stacktrace:\nE       Symbols not available. Dumping unresolved backtrace:\nE       \t0x7ff777fd8245\nE       \t0x7ff777fd82a0\nE       \t0x7ff777db165d\nE       \t0x7ff777e09a33\nE       \t0x7ff777e09d3c\nE       \t0x7ff777e5df67\nE       \t0x7ff777e5ac97\nE       \t0x7ff777dfac29\nE       \t0x7ff777dfba93\nE       \t0x7ff7782effe0\nE       \t0x7ff7782ea920\nE       \t0x7ff778309086\nE       \t0x7ff777ff5744\nE       \t0x7ff777ffe6ec\nE       \t0x7ff777fe1964\nE       \t0x7ff777fe1b15\nE       \t0x7ff777fc7842\nE       \t0x7ffdaa72e8d7\nE       \t0x7ffdac45c34c\n\n..\\..\\..\\AppData\\Local\\Programs\\Python\\Python313\\Lib\\site-packages\\selenium\\webdriver\\support\\wait.py:146: TimeoutException","flaky":false,"newFailed":false,"newBroken":false,"newPassed":false,"retriesCount":0,"retriesStatusChange":false,"beforeStages":[{"name":"_session_faker","time":{"start":1765441060943,"stop":1765441060987,"duration":44},"status":"passed","steps":[],"attachments":[],"parameters":[],"attachmentStep":false,"stepsCount":0,"hasContent":false,"shouldDisplayMessage":false,"attachmentsCount":0},{"name":"driver","time":{"start":1765441060988,"stop":1765441062665,"duration":1677},"status":"passed","steps":[],"attachments":[],"parameters":[],"attachmentStep":false,"stepsCount":0,"hasContent":false,"shouldDisplayMessage":false,"attachmentsCount":0}],"testStage":{"description":"Verify validation messages appear correctly for bot settings (if implemented).","status":"broken","statusMessage":"selenium.common.exceptions.TimeoutException: Message: \nStacktrace:\nSymbols not available. Dumping unresolved backtrace:\n\t0x7ff777fd8245\n\t0x7ff777fd82a0\n\t0x7ff777db165d\n\t0x7ff777e09a33\n\t0x7ff777e09d3c\n\t0x7ff777e5df67\n\t0x7ff777e5ac97\n\t0x7ff777dfac29\n\t0x7ff777dfba93\n\t0x7ff7782effe0\n\t0x7ff7782ea920\n\t0x7ff778309086\n\t0x7ff777ff5744\n\t0x7ff777ffe6ec\n\t0x7ff777fe1964\n\t0x7ff777fe1b15\n\t0x7ff777fc7842\n\t0x7ffdaa72e8d7\n\t0x7ffdac45c34c","statusTrace":"self = <test_bot_settings.TestBotSettingsPage object at 0x0000019ECEA4C2D0>\ndriver = <selenium.webdriver.chrome.webdriver.WebDriver (session=\"5eb6d58ed56d260e476e0bbf059dc585\")>\n\n    @allure.feature(\"Bot Settings\")\n    @allure.story(\"Validation Messages\")\n    @allure.description(\"Verify validation messages appear correctly for bot settings (if implemented).\")\n    @allure.severity(allure.severity_level.MINOR)\n    @pytest.mark.dependency(depends=[\"knowledge_base_done\"], scope=\"session\")\n    @pytest.mark.dependency(name=\"bot_settings_done\",scope=\"session\")\n    @pytest.mark.order(24)\n    def test_validation_msg_bot(self, driver):\n        bot_settings_page = BotSettingsPage(driver)\n        with allure.step(\"Check validation messages for bot settings\"):\n>           bot_settings_page.validation_msg_bot()\n\ntestcases\\test_bot_settings.py:39: \n_ _ _ _ _ _ _ _ _ _ _ _ _ _ _ _ _ _ _ _ _ _ _ _ _ _ _ _ _ _ _ _ _ _ _ _ _ _ _ _ _ _ _ _ _ _ _ _ _ _ _ _ _ _ _ _ _ _ _ _ _ _ _ _ _ _ _ _ _ _ _ _ _ _\npages\\bot_settings.py:128: in validation_msg_bot\n    bot_lang_val_msg = wait.until(\n_ _ _ _ _ _ _ _ _ _ _ _ _ _ _ _ _ _ _ _ _ _ _ _ _ _ _ _ _ _ _ _ _ _ _ _ _ _ _ _ _ _ _ _ _ _ _ _ _ _ _ _ _ _ _ _ _ _ _ _ _ _ _ _ _ _ _ _ _ _ _ _ _ _\n\nself = <selenium.webdriver.support.wait.WebDriverWait (session=\"5eb6d58ed56d260e476e0bbf059dc585\")>\nmethod = <function visibility_of_element_located.<locals>._predicate at 0x0000019ECEA88400>, message = ''\n\n    def until(self, method: Callable[[D], Union[Literal[False], T]], message: str = \"\") -> T:\n        \"\"\"Wait until the method returns a value that is not False.\n    \n        Calls the method provided with the driver as an argument until the\n        return value does not evaluate to ``False``.\n    \n        Parameters:\n        -----------\n        method: callable(WebDriver)\n            - A callable object that takes a WebDriver instance as an argument.\n    \n        message: str\n            - Optional message for :exc:`TimeoutException`\n    \n        Return:\n        -------\n        object: T\n            - The result of the last call to `method`\n    \n        Raises:\n        -------\n        TimeoutException\n            - If 'method' does not return a truthy value within the WebDriverWait\n            object's timeout\n    \n        Example:\n        --------\n        >>> from selenium.webdriver.common.by import By\n        >>> from selenium.webdriver.support.ui import WebDriverWait\n        >>> from selenium.webdriver.support import expected_conditions as EC\n    \n        # Wait until an element is visible on the page\n        >>> wait = WebDriverWait(driver, 10)\n        >>> element = wait.until(EC.visibility_of_element_located((By.ID, \"exampleId\")))\n        >>> print(element.text)\n        \"\"\"\n        screen = None\n        stacktrace = None\n    \n        end_time = time.monotonic() + self._timeout\n        while True:\n            try:\n                value = method(self._driver)\n                if value:\n                    return value\n            except self._ignored_exceptions as exc:\n                screen = getattr(exc, \"screen\", None)\n                stacktrace = getattr(exc, \"stacktrace\", None)\n            if time.monotonic() > end_time:\n                break\n            time.sleep(self._poll)\n>       raise TimeoutException(message, screen, stacktrace)\nE       selenium.common.exceptions.TimeoutException: Message: \nE       Stacktrace:\nE       Symbols not available. Dumping unresolved backtrace:\nE       \t0x7ff777fd8245\nE       \t0x7ff777fd82a0\nE       \t0x7ff777db165d\nE       \t0x7ff777e09a33\nE       \t0x7ff777e09d3c\nE       \t0x7ff777e5df67\nE       \t0x7ff777e5ac97\nE       \t0x7ff777dfac29\nE       \t0x7ff777dfba93\nE       \t0x7ff7782effe0\nE       \t0x7ff7782ea920\nE       \t0x7ff778309086\nE       \t0x7ff777ff5744\nE       \t0x7ff777ffe6ec\nE       \t0x7ff777fe1964\nE       \t0x7ff777fe1b15\nE       \t0x7ff777fc7842\nE       \t0x7ffdaa72e8d7\nE       \t0x7ffdac45c34c\n\n..\\..\\..\\AppData\\Local\\Programs\\Python\\Python313\\Lib\\site-packages\\selenium\\webdriver\\support\\wait.py:146: TimeoutException","steps":[{"name":"Check validation messages for bot settings","time":{"start":1765441324098,"stop":1765441351783,"duration":27685},"status":"broken","statusMessage":"selenium.common.exceptions.TimeoutException: Message: \nStacktrace:\nSymbols not available. Dumping unresolved backtrace:\n\t0x7ff777fd8245\n\t0x7ff777fd82a0\n\t0x7ff777db165d\n\t0x7ff777e09a33\n\t0x7ff777e09d3c\n\t0x7ff777e5df67\n\t0x7ff777e5ac97\n\t0x7ff777dfac29\n\t0x7ff777dfba93\n\t0x7ff7782effe0\n\t0x7ff7782ea920\n\t0x7ff778309086\n\t0x7ff777ff5744\n\t0x7ff777ffe6ec\n\t0x7ff777fe1964\n\t0x7ff777fe1b15\n\t0x7ff777fc7842\n\t0x7ffdaa72e8d7\n\t0x7ffdac45c34c\n\n","statusTrace":"  File \"C:\\Users\\admin\\PycharmProjects\\ZagentStage\\Z-agentnew\\testcases\\test_bot_settings.py\", line 39, in test_validation_msg_bot\n    bot_settings_page.validation_msg_bot()\n    ~~~~~~~~~~~~~~~~~~~~~~~~~~~~~~~~~~~~^^\n  File \"C:\\Users\\admin\\PycharmProjects\\ZagentStage\\Z-agentnew\\pages\\bot_settings.py\", line 128, in validation_msg_bot\n    bot_lang_val_msg = wait.until(\n        EC.visibility_of_element_located(self.bot_lang_validation)\n    )\n  File \"C:\\Users\\admin\\AppData\\Local\\Programs\\Python\\Python313\\Lib\\site-packages\\selenium\\webdriver\\support\\wait.py\", line 146, in until\n    raise TimeoutException(message, screen, stacktrace)\n","steps":[],"attachments":[],"parameters":[],"attachmentStep":false,"stepsCount":0,"hasContent":true,"shouldDisplayMessage":true,"attachmentsCount":0}],"attachments":[{"uid":"e08df1b5ee0efbac","name":"Failure Screenshot","source":"e08df1b5ee0efbac.png","type":"image/png","size":84138},{"uid":"f7fded4757213fff","name":"stdout","source":"f7fded4757213fff.txt","type":"text/plain","size":48}],"parameters":[],"attachmentStep":false,"stepsCount":1,"hasContent":true,"shouldDisplayMessage":true,"attachmentsCount":2},"afterStages":[{"name":"driver::0","time":{"start":1765441533328,"stop":1765441535806,"duration":2478},"status":"passed","steps":[],"attachments":[],"parameters":[],"attachmentStep":false,"stepsCount":0,"hasContent":false,"shouldDisplayMessage":false,"attachmentsCount":0}],"labels":[{"name":"suite","value":"Bot Onboarding"},{"name":"feature","value":"Bot Settings"},{"name":"subSuite","value":"Bot Settings"},{"name":"severity","value":"minor"},{"name":"story","value":"Validation Messages"},{"name":"parentSuite","value":"testcases"},{"name":"host","value":"DESKTOP-FUB430H"},{"name":"thread","value":"26996-MainThread"},{"name":"framework","value":"pytest"},{"name":"language","value":"cpython3"},{"name":"package","value":"testcases.test_bot_settings"},{"name":"resultFormat","value":"allure2"}],"parameters":[],"links":[],"hidden":false,"retry":false,"extra":{"severity":"minor","retries":[],"categories":[{"name":"Test defects","matchedStatuses":[]}],"tags":[]},"source":"71ceafb144b03086.json","parameterValues":[]}